{
  "stats": {
    "suites": 1,
    "tests": 1,
    "passes": 0,
    "pending": 0,
    "failures": 1,
    "start": "2020-07-17T15:00:12.925Z",
    "end": "2020-07-17T15:01:09.379Z",
    "duration": 56454,
    "testsRegistered": 1,
    "passPercent": 0,
    "pendingPercent": 0,
    "other": 0,
    "hasOther": false,
    "skipped": 0,
    "hasSkipped": false
  },
  "results": [
    {
      "uuid": "f305999d-345d-4db5-a3e8-9a6306e5c3a2",
      "title": "",
      "fullFile": "cypress\\integration\\E2E_Test\\Testqa.js",
      "file": "cypress\\integration\\E2E_Test\\Testqa.js",
      "beforeHooks": [],
      "afterHooks": [],
      "tests": [],
      "suites": [
        {
          "uuid": "8b882370-02a8-4e36-b1bf-673037d90c57",
          "title": "Valid login",
          "fullFile": "",
          "file": "",
          "beforeHooks": [],
          "afterHooks": [],
          "tests": [
            {
              "title": "navigate to home page",
              "fullTitle": "Valid login navigate to home page",
              "timedOut": null,
              "duration": 27017,
              "state": "failed",
              "speed": null,
              "pass": false,
              "fail": true,
              "pending": false,
              "context": null,
              "code": "cy.visit('https://www.rewardbee.com');\ncy.get('._1pcZ335O').click;\ncy.get('#bs-example-navbar-collapse-1 > ul > li:nth-child(1) > a').click();\ncy.get('#email').type('testrewardbee12@gmail.com').blur();\ncy.get('#password').type('test1234').blur();\ncy.get('.btn-default').click();",
              "err": {
                "message": "SyntaxError: The following error originated from your application code, not from Cypress.\n\n  > Unexpected end of JSON input\n\nWhen Cypress detects uncaught errors originating from your application it will automatically fail the current test.\n\nThis behavior is configurable, and you can choose to turn this off by listening to the `uncaught:exception` event.\n\nhttps://on.cypress.io/uncaught-exception-from-application",
                "estack": "SyntaxError: The following error originated from your application code, not from Cypress.\n\n  > Unexpected end of JSON input\n\nWhen Cypress detects uncaught errors originating from your application it will automatically fail the current test.\n\nThis behavior is configurable, and you can choose to turn this off by listening to the `uncaught:exception` event.\n\nhttps://on.cypress.io/uncaught-exception-from-application\n    at JSON.parse (<anonymous>)\n    at XMLHttpRequest.a.onload (https://cdn.cookielaw.org/scripttemplates/otSDKStub.js:1:2434)",
                "diff": null
              },
              "uuid": "db4b946a-398f-46fe-939d-a7dd584f6794",
              "parentUUID": "8b882370-02a8-4e36-b1bf-673037d90c57",
              "isHook": false,
              "skipped": false
            }
          ],
          "suites": [],
          "passes": [],
          "failures": [
            "db4b946a-398f-46fe-939d-a7dd584f6794"
          ],
          "pending": [],
          "skipped": [],
          "duration": 27017,
          "root": false,
          "rootEmpty": false,
          "_timeout": 2000
        }
      ],
      "passes": [],
      "failures": [],
      "pending": [],
      "skipped": [],
      "duration": 0,
      "root": true,
      "rootEmpty": true,
      "_timeout": 2000
    }
  ],
  "meta": {
    "mocha": {
      "version": "7.0.1"
    },
    "mochawesome": {
      "options": {
        "quiet": false,
        "reportFilename": "mochawesome",
        "saveHtml": false,
        "saveJson": true,
        "consoleReporter": "spec",
        "useInlineDiffs": false,
        "code": true
      },
      "version": "6.1.1"
    },
    "marge": {
      "options": {
        "reportDir": "cypress/results",
        "overwrite": false,
        "html": false,
        "json": true
      },
      "version": "5.1.0"
    }
  }
}