{
  "stats": {
    "suites": 1,
    "tests": 1,
    "passes": 0,
    "pending": 0,
    "failures": 1,
    "start": "2020-07-20T02:44:11.504Z",
    "end": "2020-07-20T02:45:29.662Z",
    "duration": 78158,
    "testsRegistered": 1,
    "passPercent": 0,
    "pendingPercent": 0,
    "other": 0,
    "hasOther": false,
    "skipped": 0,
    "hasSkipped": false
  },
  "results": [
    {
      "uuid": "b65b9745-922c-4069-b1d0-ae6eede97957",
      "title": "",
      "fullFile": "cypress\\integration\\E2E_Test\\Testqa.js",
      "file": "cypress\\integration\\E2E_Test\\Testqa.js",
      "beforeHooks": [],
      "afterHooks": [],
      "tests": [],
      "suites": [
        {
          "uuid": "91496c2f-93ca-45b1-8552-6b094b747b63",
          "title": "Valid login",
          "fullFile": "",
          "file": "",
          "beforeHooks": [],
          "afterHooks": [],
          "tests": [
            {
              "title": "navigate to home page",
              "fullTitle": "Valid login navigate to home page",
              "timedOut": null,
              "duration": 76812,
              "state": "failed",
              "speed": null,
              "pass": false,
              "fail": true,
              "pending": false,
              "context": null,
              "code": "cy.visit('https://www.rewardbee.com/');\ncy.get('._1pcZ335O').click;\ncy.get('#bs-example-navbar-collapse-1 > ul > li:nth-child(1) > a').click();\ncy.get('#email').type('testrewardbee12@gmail.com').blur();\ncy.get('#password').type('test1234').blur();\ncy.get('.btn-default').click();",
              "err": {
                "message": "CypressError: Timed out after waiting `60000ms` for your remote page to load.\n\nYour page did not fire its `load` event within `60000ms`.\n\nYou can try increasing the `pageLoadTimeout` value in `cypress.json` to wait longer.\n\nBrowsers will not fire the `load` event until all stylesheets and scripts are done downloading.\n\nWhen this `load` event occurs, Cypress will continue running commands.",
                "estack": "CypressError: Timed out after waiting `60000ms` for your remote page to load.\n\nYour page did not fire its `load` event within `60000ms`.\n\nYou can try increasing the `pageLoadTimeout` value in `cypress.json` to wait longer.\n\nBrowsers will not fire the `load` event until all stylesheets and scripts are done downloading.\n\nWhen this `load` event occurs, Cypress will continue running commands.\n    at timedOutWaitingForPageLoad (http://localhost:62108/__cypress/runner/cypress_runner.js:155493:13)\n    at http://localhost:62108/__cypress/runner/cypress_runner.js:156469:16\n    at tryCatcher (http://localhost:62108/__cypress/runner/cypress_runner.js:10130:23)\n    at http://localhost:62108/__cypress/runner/cypress_runner.js:5252:41\n    at tryCatcher (http://localhost:62108/__cypress/runner/cypress_runner.js:10130:23)\n    at Promise._settlePromiseFromHandler (http://localhost:62108/__cypress/runner/cypress_runner.js:8065:31)\n    at Promise._settlePromise (http://localhost:62108/__cypress/runner/cypress_runner.js:8122:18)\n    at Promise._settlePromise0 (http://localhost:62108/__cypress/runner/cypress_runner.js:8167:10)\n    at Promise._settlePromises (http://localhost:62108/__cypress/runner/cypress_runner.js:8243:18)\n    at _drainQueueStep (http://localhost:62108/__cypress/runner/cypress_runner.js:4837:12)\n    at _drainQueue (http://localhost:62108/__cypress/runner/cypress_runner.js:4830:9)\n    at Async.../../node_modules/bluebird/js/release/async.js.Async._drainQueues (http://localhost:62108/__cypress/runner/cypress_runner.js:4846:5)\n    at Async.drainQueues (http://localhost:62108/__cypress/runner/cypress_runner.js:4716:14)\nFrom Your Spec Code:\n    at Context.eval (http://localhost:62108/__cypress/tests?p=cypress\\integration\\E2E_Test\\Testqa.js:7:8)",
                "diff": null
              },
              "uuid": "ad0373f8-fd31-404b-bb40-835fd5481c07",
              "parentUUID": "91496c2f-93ca-45b1-8552-6b094b747b63",
              "isHook": false,
              "skipped": false
            }
          ],
          "suites": [],
          "passes": [],
          "failures": [
            "ad0373f8-fd31-404b-bb40-835fd5481c07"
          ],
          "pending": [],
          "skipped": [],
          "duration": 76812,
          "root": false,
          "rootEmpty": false,
          "_timeout": 2000
        }
      ],
      "passes": [],
      "failures": [],
      "pending": [],
      "skipped": [],
      "duration": 0,
      "root": true,
      "rootEmpty": true,
      "_timeout": 2000
    }
  ],
  "meta": {
    "mocha": {
      "version": "7.0.1"
    },
    "mochawesome": {
      "options": {
        "quiet": false,
        "reportFilename": "mochawesome",
        "saveHtml": false,
        "saveJson": true,
        "consoleReporter": "spec",
        "useInlineDiffs": false,
        "code": true
      },
      "version": "6.1.1"
    },
    "marge": {
      "options": {
        "reportDir": "cypress/results",
        "overwrite": false,
        "html": false,
        "json": true
      },
      "version": "5.1.0"
    }
  }
}